# JRE version: Java(TM) SE Runtime Environment (23.0.2+7) (build 23.0.2+7-58)
# Java VM: Java HotSpot(TM) 64-Bit Server VM (23.0.2+7-58, mixed mode, sharing, tiered, compressed oops, compressed class ptrs, g1 gc, windows-amd64)
GC Precious Log:
 CardTable entry size: 512
 Card Set container configuration: InlinePtr #cards 5 size 8 Array Of Cards #cards 10 size 36 Howl #buckets 4 coarsen threshold 1843 Howl Bitmap #cards 512 size 80 coarsen threshold 460 Card regions per heap region 1 cards per card region 2048
 CPUs: 4 total, 4 available
 Memory: 3962M
 Large Page Support: Disabled
 NUMA Support: Disabled
 Compressed Oops: Enabled (32-bit)
 Heap Region Size: 1M
 Heap Min Capacity: 8M
 Heap Initial Capacity: 62M
 Heap Max Capacity: 992M
 Pre-touch: Disabled
 Parallel Workers: 4
 Concurrent Workers: 1
 Concurrent Refinement Workers: 4
 Periodic GC: Disabled
Heap:
 garbage-first heap   total reserved 1015808K, committed 53248K, used 23735K [0x00000000c2000000, 0x0000000100000000)
  region size 1024K, 10 young (10240K), 2 survivors (2048K)
 Metaspace       used 31602K, committed 32128K, reserved 1114112K
  class space    used 3911K, committed 4160K, reserved 1048576K
GC Heap History (20 events):
Event: 30.978 GC heap before
{Heap before GC invocations=18 (full 0):
 garbage-first heap   total reserved 1015808K, committed 30720K, used 23747K [0x00000000c2000000, 0x0000000100000000)
  region size 1024K, 10 young (10240K), 2 survivors (2048K)
 Metaspace       used 28813K, committed 29312K, reserved 1114112K
  class space    used 3577K, committed 3840K, reserved 1048576K
}
Event: 30.981 GC heap after
{Heap after GC invocations=19 (full 0):
 garbage-first heap   total reserved 1015808K, committed 30720K, used 16881K [0x00000000c2000000, 0x0000000100000000)
  region size 1024K, 2 young (2048K), 2 survivors (2048K)
 Metaspace       used 28813K, committed 29312K, reserved 1114112K
  class space    used 3577K, committed 3840K, reserved 1048576K
}
Event: 31.916 GC heap before
{Heap before GC invocations=19 (full 0):
 garbage-first heap   total reserved 1015808K, committed 30720K, used 25073K [0x00000000c2000000, 0x0000000100000000)
  region size 1024K, 10 young (10240K), 2 survivors (2048K)
 Metaspace       used 30210K, committed 30656K, reserved 1114112K
  class space    used 3755K, committed 3968K, reserved 1048576K
}
Event: 31.920 GC heap after
{Heap after GC invocations=20 (full 0):
 garbage-first heap   total reserved 1015808K, committed 30720K, used 17350K [0x00000000c2000000, 0x0000000100000000)
  region size 1024K, 1 young (1024K), 1 survivors (1024K)
 Metaspace       used 30210K, committed 30656K, reserved 1114112K
  class space    used 3755K, committed 3968K, reserved 1048576K
}
Event: 32.849 GC heap before
{Heap before GC invocations=21 (full 0):
 garbage-first heap   total reserved 1015808K, committed 30720K, used 25542K [0x00000000c2000000, 0x0000000100000000)
  region size 1024K, 10 young (10240K), 1 survivors (1024K)
 Metaspace       used 31202K, committed 31680K, reserved 1114112K
  class space    used 3873K, committed 4096K, reserved 1048576K
}
Event: 32.851 GC heap after
{Heap after GC invocations=22 (full 0):
 garbage-first heap   total reserved 1015808K, committed 30720K, used 17756K [0x00000000c2000000, 0x0000000100000000)
  region size 1024K, 2 young (2048K), 2 survivors (2048K)
 Metaspace       used 31202K, committed 31680K, reserved 1114112K
  class space    used 3873K, committed 4096K, reserved 1048576K
}
Event: 32.924 GC heap before
{Heap before GC invocations=22 (full 0):
 garbage-first heap   total reserved 1015808K, committed 30720K, used 24924K [0x00000000c2000000, 0x0000000100000000)
  region size 1024K, 9 young (9216K), 2 survivors (2048K)
 Metaspace       used 31278K, committed 31808K, reserved 1114112K
  class space    used 3875K, committed 4096K, reserved 1048576K
}
Event: 32.929 GC heap after
{Heap after GC invocations=23 (full 0):
 garbage-first heap   total reserved 1015808K, committed 30720K, used 17276K [0x00000000c2000000, 0x0000000100000000)
  region size 1024K, 1 young (1024K), 1 survivors (1024K)
 Metaspace       used 31278K, committed 31808K, reserved 1114112K
  class space    used 3875K, committed 4096K, reserved 1048576K
}
Event: 33.007 GC heap before
{Heap before GC invocations=23 (full 0):
 garbage-first heap   total reserved 1015808K, committed 30720K, used 27516K [0x00000000c2000000, 0x0000000100000000)
  region size 1024K, 11 young (11264K), 1 survivors (1024K)
 Metaspace       used 31320K, committed 31808K, reserved 1114112K
  class space    used 3879K, committed 4096K, reserved 1048576K
}
Event: 33.009 GC heap after
{Heap after GC invocations=24 (full 0):
 garbage-first heap   total reserved 1015808K, committed 30720K, used 17285K [0x00000000c2000000, 0x0000000100000000)
  region size 1024K, 1 young (1024K), 1 survivors (1024K)
 Metaspace       used 31320K, committed 31808K, reserved 1114112K
  class space    used 3879K, committed 4096K, reserved 1048576K
}
Event: 33.098 GC heap before
{Heap before GC invocations=25 (full 0):
 garbage-first heap   total reserved 1015808K, committed 30720K, used 27525K [0x00000000c2000000, 0x0000000100000000)
  region size 1024K, 11 young (11264K), 1 survivors (1024K)
 Metaspace       used 31344K, committed 31872K, reserved 1114112K
  class space    used 3879K, committed 4096K, reserved 1048576K
}
Event: 33.100 GC heap after
{Heap after GC invocations=26 (full 0):
 garbage-first heap   total reserved 1015808K, committed 30720K, used 17325K [0x00000000c2000000, 0x0000000100000000)
  region size 1024K, 1 young (1024K), 1 survivors (1024K)
 Metaspace       used 31344K, committed 31872K, reserved 1114112K
  class space    used 3879K, committed 4096K, reserved 1048576K
}
Event: 33.155 GC heap before
{Heap before GC invocations=26 (full 0):
 garbage-first heap   total reserved 1015808K, committed 30720K, used 27565K [0x00000000c2000000, 0x0000000100000000)
  region size 1024K, 11 young (11264K), 1 survivors (1024K)
 Metaspace       used 31363K, committed 31872K, reserved 1114112K
  class space    used 3879K, committed 4096K, reserved 1048576K
}
Event: 33.158 GC heap after
{Heap after GC invocations=27 (full 0):
 garbage-first heap   total reserved 1015808K, committed 30720K, used 16871K [0x00000000c2000000, 0x0000000100000000)
  region size 1024K, 1 young (1024K), 1 survivors (1024K)
 Metaspace       used 31363K, committed 31872K, reserved 1114112K
  class space    used 3879K, committed 4096K, reserved 1048576K
}
Event: 33.225 GC heap before
{Heap before GC invocations=27 (full 0):
 garbage-first heap   total reserved 1015808K, committed 30720K, used 27111K [0x00000000c2000000, 0x0000000100000000)
  region size 1024K, 11 young (11264K), 1 survivors (1024K)
 Metaspace       used 31403K, committed 31872K, reserved 1114112K
  class space    used 3879K, committed 4096K, reserved 1048576K
}
Event: 33.228 GC heap after
{Heap after GC invocations=28 (full 0):
 garbage-first heap   total reserved 1015808K, committed 30720K, used 16915K [0x00000000c2000000, 0x0000000100000000)
  region size 1024K, 1 young (1024K), 1 survivors (1024K)
 Metaspace       used 31403K, committed 31872K, reserved 1114112K
  class space    used 3879K, committed 4096K, reserved 1048576K
}
Event: 33.376 GC heap before
{Heap before GC invocations=29 (full 0):
 garbage-first heap   total reserved 1015808K, committed 30720K, used 27155K [0x00000000c2000000, 0x0000000100000000)
  region size 1024K, 11 young (11264K), 1 survivors (1024K)
 Metaspace       used 31456K, committed 31936K, reserved 1114112K
  class space    used 3890K, committed 4096K, reserved 1048576K
}
Event: 33.378 GC heap after
{Heap after GC invocations=30 (full 0):
 garbage-first heap   total reserved 1015808K, committed 30720K, used 16962K [0x00000000c2000000, 0x0000000100000000)
  region size 1024K, 1 young (1024K), 1 survivors (1024K)
 Metaspace       used 31456K, committed 31936K, reserved 1114112K
  class space    used 3890K, committed 4096K, reserved 1048576K
}
Event: 33.424 GC heap before
{Heap before GC invocations=30 (full 0):
 garbage-first heap   total reserved 1015808K, committed 30720K, used 27202K [0x00000000c2000000, 0x0000000100000000)
  region size 1024K, 11 young (11264K), 1 survivors (1024K)
 Metaspace       used 31471K, committed 31936K, reserved 1114112K
  class space    used 3890K, committed 4096K, reserved 1048576K
}
Event: 33.429 GC heap after
{Heap after GC invocations=31 (full 0):
 garbage-first heap   total reserved 1015808K, committed 53248K, used 16568K [0x00000000c2000000, 0x0000000100000000)
  region size 1024K, 1 young (1024K), 1 survivors (1024K)
 Metaspace       used 31471K, committed 31936K, reserved 1114112K
  class space    used 3890K, committed 4096K, reserved 1048576K
}

