# JRE version: Java(TM) SE Runtime Environment (23.0.2+7) (build 23.0.2+7-58)
# Java VM: Java HotSpot(TM) 64-Bit Server VM (23.0.2+7-58, mixed mode, sharing, tiered, compressed oops, compressed class ptrs, g1 gc, windows-amd64)
GC Precious Log:
 CardTable entry size: 512
 Card Set container configuration: InlinePtr #cards 5 size 8 Array Of Cards #cards 10 size 36 Howl #buckets 4 coarsen threshold 1843 Howl Bitmap #cards 512 size 80 coarsen threshold 460 Card regions per heap region 1 cards per card region 2048
 CPUs: 4 total, 4 available
 Memory: 3962M
 Large Page Support: Disabled
 NUMA Support: Disabled
 Compressed Oops: Enabled (32-bit)
 Heap Region Size: 1M
 Heap Min Capacity: 8M
 Heap Initial Capacity: 62M
 Heap Max Capacity: 992M
 Pre-touch: Disabled
 Parallel Workers: 4
 Concurrent Workers: 1
 Concurrent Refinement Workers: 4
 Periodic GC: Disabled
Heap:
 garbage-first heap   total reserved 1015808K, committed 34816K, used 16815K [0x00000000c2000000, 0x0000000100000000)
  region size 1024K, 1 young (1024K), 1 survivors (1024K)
 Metaspace       used 31445K, committed 31936K, reserved 1114112K
  class space    used 3888K, committed 4096K, reserved 1048576K
GC Heap History (20 events):
Event: 16.169 GC heap before
{Heap before GC invocations=12 (full 0):
 garbage-first heap   total reserved 1015808K, committed 34816K, used 27635K [0x00000000c2000000, 0x0000000100000000)
  region size 1024K, 17 young (17408K), 2 survivors (2048K)
 Metaspace       used 25624K, committed 26112K, reserved 1114112K
  class space    used 3122K, committed 3328K, reserved 1048576K
}
Event: 16.172 GC heap after
{Heap after GC invocations=13 (full 0):
 garbage-first heap   total reserved 1015808K, committed 34816K, used 13749K [0x00000000c2000000, 0x0000000100000000)
  region size 1024K, 3 young (3072K), 3 survivors (3072K)
 Metaspace       used 25624K, committed 26112K, reserved 1114112K
  class space    used 3122K, committed 3328K, reserved 1048576K
}
Event: 16.867 GC heap before
{Heap before GC invocations=13 (full 0):
 garbage-first heap   total reserved 1015808K, committed 34816K, used 27061K [0x00000000c2000000, 0x0000000100000000)
  region size 1024K, 16 young (16384K), 3 survivors (3072K)
 Metaspace       used 26071K, committed 26560K, reserved 1114112K
  class space    used 3172K, committed 3392K, reserved 1048576K
}
Event: 16.873 GC heap after
{Heap after GC invocations=14 (full 0):
 garbage-first heap   total reserved 1015808K, committed 34816K, used 15175K [0x00000000c2000000, 0x0000000100000000)
  region size 1024K, 2 young (2048K), 2 survivors (2048K)
 Metaspace       used 26071K, committed 26560K, reserved 1114112K
  class space    used 3172K, committed 3392K, reserved 1048576K
}
Event: 17.370 GC heap before
{Heap before GC invocations=14 (full 0):
 garbage-first heap   total reserved 1015808K, committed 34816K, used 28487K [0x00000000c2000000, 0x0000000100000000)
  region size 1024K, 15 young (15360K), 2 survivors (2048K)
 Metaspace       used 26722K, committed 27200K, reserved 1114112K
  class space    used 3274K, committed 3456K, reserved 1048576K
}
Event: 17.373 GC heap after
{Heap after GC invocations=15 (full 0):
 garbage-first heap   total reserved 1015808K, committed 34816K, used 16102K [0x00000000c2000000, 0x0000000100000000)
  region size 1024K, 1 young (1024K), 1 survivors (1024K)
 Metaspace       used 26722K, committed 27200K, reserved 1114112K
  class space    used 3274K, committed 3456K, reserved 1048576K
}
Event: 49.536 GC heap before
{Heap before GC invocations=15 (full 0):
 garbage-first heap   total reserved 1015808K, committed 34816K, used 28390K [0x00000000c2000000, 0x0000000100000000)
  region size 1024K, 14 young (14336K), 1 survivors (1024K)
 Metaspace       used 28460K, committed 28992K, reserved 1114112K
  class space    used 3530K, committed 3776K, reserved 1048576K
}
Event: 49.542 GC heap after
{Heap after GC invocations=16 (full 0):
 garbage-first heap   total reserved 1015808K, committed 34816K, used 16955K [0x00000000c2000000, 0x0000000100000000)
  region size 1024K, 2 young (2048K), 2 survivors (2048K)
 Metaspace       used 28460K, committed 28992K, reserved 1114112K
  class space    used 3530K, committed 3776K, reserved 1048576K
}
Event: 50.377 GC heap before
{Heap before GC invocations=17 (full 0):
 garbage-first heap   total reserved 1015808K, committed 34816K, used 27195K [0x00000000c2000000, 0x0000000100000000)
  region size 1024K, 13 young (13312K), 2 survivors (2048K)
 Metaspace       used 30290K, committed 30848K, reserved 1114112K
  class space    used 3764K, committed 4032K, reserved 1048576K
}
Event: 50.381 GC heap after
{Heap after GC invocations=18 (full 0):
 garbage-first heap   total reserved 1015808K, committed 34816K, used 17389K [0x00000000c2000000, 0x0000000100000000)
  region size 1024K, 2 young (2048K), 2 survivors (2048K)
 Metaspace       used 30290K, committed 30848K, reserved 1114112K
  class space    used 3764K, committed 4032K, reserved 1048576K
}
Event: 51.322 GC heap before
{Heap before GC invocations=18 (full 0):
 garbage-first heap   total reserved 1015808K, committed 34816K, used 27629K [0x00000000c2000000, 0x0000000100000000)
  region size 1024K, 12 young (12288K), 2 survivors (2048K)
 Metaspace       used 31214K, committed 31680K, reserved 1114112K
  class space    used 3875K, committed 4096K, reserved 1048576K
}
Event: 51.326 GC heap after
{Heap after GC invocations=19 (full 0):
 garbage-first heap   total reserved 1015808K, committed 34816K, used 17762K [0x00000000c2000000, 0x0000000100000000)
  region size 1024K, 1 young (1024K), 1 survivors (1024K)
 Metaspace       used 31214K, committed 31680K, reserved 1114112K
  class space    used 3875K, committed 4096K, reserved 1048576K
}
Event: 51.396 GC heap before
{Heap before GC invocations=19 (full 0):
 garbage-first heap   total reserved 1015808K, committed 34816K, used 30050K [0x00000000c2000000, 0x0000000100000000)
  region size 1024K, 13 young (13312K), 1 survivors (1024K)
 Metaspace       used 31279K, committed 31808K, reserved 1114112K
  class space    used 3876K, committed 4096K, reserved 1048576K
}
Event: 51.399 GC heap after
{Heap after GC invocations=20 (full 0):
 garbage-first heap   total reserved 1015808K, committed 34816K, used 17742K [0x00000000c2000000, 0x0000000100000000)
  region size 1024K, 1 young (1024K), 1 survivors (1024K)
 Metaspace       used 31279K, committed 31808K, reserved 1114112K
  class space    used 3876K, committed 4096K, reserved 1048576K
}
Event: 51.538 GC heap before
{Heap before GC invocations=21 (full 0):
 garbage-first heap   total reserved 1015808K, committed 34816K, used 30030K [0x00000000c2000000, 0x0000000100000000)
  region size 1024K, 13 young (13312K), 1 survivors (1024K)
 Metaspace       used 31293K, committed 31808K, reserved 1114112K
  class space    used 3876K, committed 4096K, reserved 1048576K
}
Event: 51.542 GC heap after
{Heap after GC invocations=22 (full 0):
 garbage-first heap   total reserved 1015808K, committed 34816K, used 17701K [0x00000000c2000000, 0x0000000100000000)
  region size 1024K, 1 young (1024K), 1 survivors (1024K)
 Metaspace       used 31293K, committed 31808K, reserved 1114112K
  class space    used 3876K, committed 4096K, reserved 1048576K
}
Event: 51.621 GC heap before
{Heap before GC invocations=22 (full 0):
 garbage-first heap   total reserved 1015808K, committed 34816K, used 29989K [0x00000000c2000000, 0x0000000100000000)
  region size 1024K, 13 young (13312K), 1 survivors (1024K)
 Metaspace       used 31348K, committed 31872K, reserved 1114112K
  class space    used 3876K, committed 4096K, reserved 1048576K
}
Event: 51.625 GC heap after
{Heap after GC invocations=23 (full 0):
 garbage-first heap   total reserved 1015808K, committed 34816K, used 17158K [0x00000000c2000000, 0x0000000100000000)
  region size 1024K, 1 young (1024K), 1 survivors (1024K)
 Metaspace       used 31348K, committed 31872K, reserved 1114112K
  class space    used 3876K, committed 4096K, reserved 1048576K
}
Event: 51.714 GC heap before
{Heap before GC invocations=23 (full 0):
 garbage-first heap   total reserved 1015808K, committed 34816K, used 30470K [0x00000000c2000000, 0x0000000100000000)
  region size 1024K, 14 young (14336K), 1 survivors (1024K)
 Metaspace       used 31366K, committed 31872K, reserved 1114112K
  class space    used 3876K, committed 4096K, reserved 1048576K
}
Event: 51.717 GC heap after
{Heap after GC invocations=24 (full 0):
 garbage-first heap   total reserved 1015808K, committed 34816K, used 17245K [0x00000000c2000000, 0x0000000100000000)
  region size 1024K, 1 young (1024K), 1 survivors (1024K)
 Metaspace       used 31366K, committed 31872K, reserved 1114112K
  class space    used 3876K, committed 4096K, reserved 1048576K
}

