# JRE version: Java(TM) SE Runtime Environment (23.0.2+7) (build 23.0.2+7-58)
# Java VM: Java HotSpot(TM) 64-Bit Server VM (23.0.2+7-58, mixed mode, sharing, tiered, compressed oops, compressed class ptrs, g1 gc, windows-amd64)
GC Precious Log:
 CardTable entry size: 512
 Card Set container configuration: InlinePtr #cards 5 size 8 Array Of Cards #cards 10 size 36 Howl #buckets 4 coarsen threshold 1843 Howl Bitmap #cards 512 size 80 coarsen threshold 460 Card regions per heap region 1 cards per card region 2048
 CPUs: 4 total, 4 available
 Memory: 3962M
 Large Page Support: Disabled
 NUMA Support: Disabled
 Compressed Oops: Enabled (32-bit)
 Heap Region Size: 1M
 Heap Min Capacity: 8M
 Heap Initial Capacity: 62M
 Heap Max Capacity: 992M
 Pre-touch: Disabled
 Parallel Workers: 4
 Concurrent Workers: 1
 Concurrent Refinement Workers: 4
 Periodic GC: Disabled
Heap:
 garbage-first heap   total reserved 1015808K, committed 45056K, used 17758K [0x00000000c2000000, 0x0000000100000000)
  region size 1024K, 2 young (2048K), 2 survivors (2048K)
 Metaspace       used 31568K, committed 32128K, reserved 1114112K
  class space    used 3904K, committed 4160K, reserved 1048576K
GC Heap History (20 events):
Event: 12.426 GC heap before
{Heap before GC invocations=10 (full 0):
 garbage-first heap   total reserved 1015808K, committed 34816K, used 27818K [0x00000000c2000000, 0x0000000100000000)
  region size 1024K, 17 young (17408K), 1 survivors (1024K)
 Metaspace       used 21873K, committed 22272K, reserved 1114112K
  class space    used 2659K, committed 2880K, reserved 1048576K
}
Event: 12.427 GC heap after
{Heap after GC invocations=11 (full 0):
 garbage-first heap   total reserved 1015808K, committed 45056K, used 11005K [0x00000000c2000000, 0x0000000100000000)
  region size 1024K, 1 young (1024K), 1 survivors (1024K)
 Metaspace       used 21873K, committed 22272K, reserved 1114112K
  class space    used 2659K, committed 2880K, reserved 1048576K
}
Event: 13.664 GC heap before
{Heap before GC invocations=11 (full 0):
 garbage-first heap   total reserved 1015808K, committed 45056K, used 35581K [0x00000000c2000000, 0x0000000100000000)
  region size 1024K, 26 young (26624K), 1 survivors (1024K)
 Metaspace       used 25033K, committed 25472K, reserved 1114112K
  class space    used 3052K, committed 3264K, reserved 1048576K
}
Event: 13.667 GC heap after
{Heap after GC invocations=12 (full 0):
 garbage-first heap   total reserved 1015808K, committed 45056K, used 12744K [0x00000000c2000000, 0x0000000100000000)
  region size 1024K, 2 young (2048K), 2 survivors (2048K)
 Metaspace       used 25033K, committed 25472K, reserved 1114112K
  class space    used 3052K, committed 3264K, reserved 1048576K
}
Event: 14.605 GC heap before
{Heap before GC invocations=12 (full 0):
 garbage-first heap   total reserved 1015808K, committed 45056K, used 36296K [0x00000000c2000000, 0x0000000100000000)
  region size 1024K, 26 young (26624K), 2 survivors (2048K)
 Metaspace       used 26111K, committed 26560K, reserved 1114112K
  class space    used 3176K, committed 3392K, reserved 1048576K
}
Event: 14.610 GC heap after
{Heap after GC invocations=13 (full 0):
 garbage-first heap   total reserved 1015808K, committed 45056K, used 14964K [0x00000000c2000000, 0x0000000100000000)
  region size 1024K, 4 young (4096K), 4 survivors (4096K)
 Metaspace       used 26111K, committed 26560K, reserved 1114112K
  class space    used 3176K, committed 3392K, reserved 1048576K
}
Event: 30.042 GC heap before
{Heap before GC invocations=13 (full 0):
 garbage-first heap   total reserved 1015808K, committed 45056K, used 36468K [0x00000000c2000000, 0x0000000100000000)
  region size 1024K, 25 young (25600K), 4 survivors (4096K)
 Metaspace       used 27985K, committed 28480K, reserved 1114112K
  class space    used 3455K, committed 3712K, reserved 1048576K
}
Event: 30.050 GC heap after
{Heap after GC invocations=14 (full 0):
 garbage-first heap   total reserved 1015808K, committed 45056K, used 16720K [0x00000000c2000000, 0x0000000100000000)
  region size 1024K, 2 young (2048K), 2 survivors (2048K)
 Metaspace       used 27985K, committed 28480K, reserved 1114112K
  class space    used 3455K, committed 3712K, reserved 1048576K
}
Event: 31.593 GC heap before
{Heap before GC invocations=14 (full 0):
 garbage-first heap   total reserved 1015808K, committed 45056K, used 36176K [0x00000000c2000000, 0x0000000100000000)
  region size 1024K, 22 young (22528K), 2 survivors (2048K)
 Metaspace       used 31138K, committed 31680K, reserved 1114112K
  class space    used 3868K, committed 4096K, reserved 1048576K
}
Event: 31.597 GC heap after
{Heap after GC invocations=15 (full 0):
 garbage-first heap   total reserved 1015808K, committed 45056K, used 17701K [0x00000000c2000000, 0x0000000100000000)
  region size 1024K, 2 young (2048K), 2 survivors (2048K)
 Metaspace       used 31138K, committed 31680K, reserved 1114112K
  class space    used 3868K, committed 4096K, reserved 1048576K
}
Event: 31.928 GC heap before
{Heap before GC invocations=15 (full 0):
 garbage-first heap   total reserved 1015808K, committed 45056K, used 38181K [0x00000000c2000000, 0x0000000100000000)
  region size 1024K, 22 young (22528K), 2 survivors (2048K)
 Metaspace       used 31422K, committed 31936K, reserved 1114112K
  class space    used 3904K, committed 4160K, reserved 1048576K
}
Event: 31.931 GC heap after
{Heap after GC invocations=16 (full 0):
 garbage-first heap   total reserved 1015808K, committed 45056K, used 17661K [0x00000000c2000000, 0x0000000100000000)
  region size 1024K, 2 young (2048K), 2 survivors (2048K)
 Metaspace       used 31422K, committed 31936K, reserved 1114112K
  class space    used 3904K, committed 4160K, reserved 1048576K
}
Event: 32.032 GC heap before
{Heap before GC invocations=16 (full 0):
 garbage-first heap   total reserved 1015808K, committed 45056K, used 38141K [0x00000000c2000000, 0x0000000100000000)
  region size 1024K, 22 young (22528K), 2 survivors (2048K)
 Metaspace       used 31466K, committed 32000K, reserved 1114112K
  class space    used 3904K, committed 4160K, reserved 1048576K
}
Event: 32.035 GC heap after
{Heap after GC invocations=17 (full 0):
 garbage-first heap   total reserved 1015808K, committed 45056K, used 17760K [0x00000000c2000000, 0x0000000100000000)
  region size 1024K, 2 young (2048K), 2 survivors (2048K)
 Metaspace       used 31466K, committed 32000K, reserved 1114112K
  class space    used 3904K, committed 4160K, reserved 1048576K
}
Event: 32.156 GC heap before
{Heap before GC invocations=17 (full 0):
 garbage-first heap   total reserved 1015808K, committed 45056K, used 38240K [0x00000000c2000000, 0x0000000100000000)
  region size 1024K, 22 young (22528K), 2 survivors (2048K)
 Metaspace       used 31512K, committed 32064K, reserved 1114112K
  class space    used 3904K, committed 4160K, reserved 1048576K
}
Event: 32.158 GC heap after
{Heap after GC invocations=18 (full 0):
 garbage-first heap   total reserved 1015808K, committed 45056K, used 17702K [0x00000000c2000000, 0x0000000100000000)
  region size 1024K, 2 young (2048K), 2 survivors (2048K)
 Metaspace       used 31512K, committed 32064K, reserved 1114112K
  class space    used 3904K, committed 4160K, reserved 1048576K
}
Event: 32.246 GC heap before
{Heap before GC invocations=18 (full 0):
 garbage-first heap   total reserved 1015808K, committed 45056K, used 38182K [0x00000000c2000000, 0x0000000100000000)
  region size 1024K, 22 young (22528K), 2 survivors (2048K)
 Metaspace       used 31548K, committed 32064K, reserved 1114112K
  class space    used 3904K, committed 4160K, reserved 1048576K
}
Event: 32.248 GC heap after
{Heap after GC invocations=19 (full 0):
 garbage-first heap   total reserved 1015808K, committed 45056K, used 17752K [0x00000000c2000000, 0x0000000100000000)
  region size 1024K, 2 young (2048K), 2 survivors (2048K)
 Metaspace       used 31548K, committed 32064K, reserved 1114112K
  class space    used 3904K, committed 4160K, reserved 1048576K
}
Event: 32.315 GC heap before
{Heap before GC invocations=19 (full 0):
 garbage-first heap   total reserved 1015808K, committed 45056K, used 38232K [0x00000000c2000000, 0x0000000100000000)
  region size 1024K, 22 young (22528K), 2 survivors (2048K)
 Metaspace       used 31555K, committed 32064K, reserved 1114112K
  class space    used 3904K, committed 4160K, reserved 1048576K
}
Event: 32.317 GC heap after
{Heap after GC invocations=20 (full 0):
 garbage-first heap   total reserved 1015808K, committed 45056K, used 17652K [0x00000000c2000000, 0x0000000100000000)
  region size 1024K, 2 young (2048K), 2 survivors (2048K)
 Metaspace       used 31555K, committed 32064K, reserved 1114112K
  class space    used 3904K, committed 4160K, reserved 1048576K
}

