# JRE version: Java(TM) SE Runtime Environment (23.0.2+7) (build 23.0.2+7-58)
# Java VM: Java HotSpot(TM) 64-Bit Server VM (23.0.2+7-58, mixed mode, sharing, tiered, compressed oops, compressed class ptrs, g1 gc, windows-amd64)
GC Precious Log:
 CardTable entry size: 512
 Card Set container configuration: InlinePtr #cards 5 size 8 Array Of Cards #cards 10 size 36 Howl #buckets 4 coarsen threshold 1843 Howl Bitmap #cards 512 size 80 coarsen threshold 460 Card regions per heap region 1 cards per card region 2048
 CPUs: 4 total, 4 available
 Memory: 3962M
 Large Page Support: Disabled
 NUMA Support: Disabled
 Compressed Oops: Enabled (32-bit)
 Heap Region Size: 1M
 Heap Min Capacity: 8M
 Heap Initial Capacity: 62M
 Heap Max Capacity: 992M
 Pre-touch: Disabled
 Parallel Workers: 4
 Concurrent Workers: 1
 Concurrent Refinement Workers: 4
 Periodic GC: Disabled
Heap:
 garbage-first heap   total reserved 1015808K, committed 41984K, used 15470K [0x00000000c2000000, 0x0000000100000000)
  region size 1024K, 4 young (4096K), 3 survivors (3072K)
 Metaspace       used 26681K, committed 27136K, reserved 1114112K
  class space    used 3257K, committed 3456K, reserved 1048576K
GC Heap History (20 events):
Event: 4.614 GC heap before
{Heap before GC invocations=2 (full 0):
 garbage-first heap   total reserved 1015808K, committed 63488K, used 34604K [0x00000000c2000000, 0x0000000100000000)
  region size 1024K, 32 young (32768K), 1 survivors (1024K)
 Metaspace       used 8205K, committed 8512K, reserved 1114112K
  class space    used 1027K, committed 1216K, reserved 1048576K
}
Event: 4.621 GC heap after
{Heap after GC invocations=3 (full 0):
 garbage-first heap   total reserved 1015808K, committed 63488K, used 4077K [0x00000000c2000000, 0x0000000100000000)
  region size 1024K, 3 young (3072K), 3 survivors (3072K)
 Metaspace       used 8205K, committed 8512K, reserved 1114112K
  class space    used 1027K, committed 1216K, reserved 1048576K
}
Event: 6.238 GC heap before
{Heap before GC invocations=3 (full 0):
 garbage-first heap   total reserved 1015808K, committed 63488K, used 34797K [0x00000000c2000000, 0x0000000100000000)
  region size 1024K, 33 young (33792K), 3 survivors (3072K)
 Metaspace       used 11490K, committed 11776K, reserved 1114112K
  class space    used 1497K, committed 1600K, reserved 1048576K
}
Event: 6.246 GC heap after
{Heap after GC invocations=4 (full 0):
 garbage-first heap   total reserved 1015808K, committed 63488K, used 4999K [0x00000000c2000000, 0x0000000100000000)
  region size 1024K, 3 young (3072K), 3 survivors (3072K)
 Metaspace       used 11490K, committed 11776K, reserved 1114112K
  class space    used 1497K, committed 1600K, reserved 1048576K
}
Event: 8.362 GC heap before
{Heap before GC invocations=4 (full 0):
 garbage-first heap   total reserved 1015808K, committed 63488K, used 39815K [0x00000000c2000000, 0x0000000100000000)
  region size 1024K, 37 young (37888K), 3 survivors (3072K)
 Metaspace       used 13580K, committed 13952K, reserved 1114112K
  class space    used 1727K, committed 1920K, reserved 1048576K
}
Event: 8.376 GC heap after
{Heap after GC invocations=5 (full 0):
 garbage-first heap   total reserved 1015808K, committed 63488K, used 6529K [0x00000000c2000000, 0x0000000100000000)
  region size 1024K, 4 young (4096K), 4 survivors (4096K)
 Metaspace       used 13580K, committed 13952K, reserved 1114112K
  class space    used 1727K, committed 1920K, reserved 1048576K
}
Event: 10.586 GC heap before
{Heap before GC invocations=5 (full 0):
 garbage-first heap   total reserved 1015808K, committed 63488K, used 40321K [0x00000000c2000000, 0x0000000100000000)
  region size 1024K, 37 young (37888K), 4 survivors (4096K)
 Metaspace       used 17464K, committed 17792K, reserved 1114112K
  class space    used 2172K, committed 2304K, reserved 1048576K
}
Event: 10.601 GC heap after
{Heap after GC invocations=6 (full 0):
 garbage-first heap   total reserved 1015808K, committed 63488K, used 7611K [0x00000000c2000000, 0x0000000100000000)
  region size 1024K, 4 young (4096K), 4 survivors (4096K)
 Metaspace       used 17464K, committed 17792K, reserved 1114112K
  class space    used 2172K, committed 2304K, reserved 1048576K
}
Event: 12.813 GC heap before
{Heap before GC invocations=6 (full 0):
 garbage-first heap   total reserved 1015808K, committed 63488K, used 29115K [0x00000000c2000000, 0x0000000100000000)
  region size 1024K, 26 young (26624K), 4 survivors (4096K)
 Metaspace       used 21186K, committed 21504K, reserved 1114112K
  class space    used 2590K, committed 2752K, reserved 1048576K
}
Event: 12.827 GC heap after
{Heap after GC invocations=7 (full 0):
 garbage-first heap   total reserved 1015808K, committed 63488K, used 8954K [0x00000000c2000000, 0x0000000100000000)
  region size 1024K, 4 young (4096K), 4 survivors (4096K)
 Metaspace       used 21186K, committed 21504K, reserved 1114112K
  class space    used 2590K, committed 2752K, reserved 1048576K
}
Event: 13.678 GC heap before
{Heap before GC invocations=8 (full 0):
 garbage-first heap   total reserved 1015808K, committed 30720K, used 23290K [0x00000000c2000000, 0x0000000100000000)
  region size 1024K, 18 young (18432K), 4 survivors (4096K)
 Metaspace       used 21874K, committed 22336K, reserved 1114112K
  class space    used 2659K, committed 2880K, reserved 1048576K
}
Event: 13.693 GC heap after
{Heap after GC invocations=9 (full 0):
 garbage-first heap   total reserved 1015808K, committed 30720K, used 10518K [0x00000000c2000000, 0x0000000100000000)
  region size 1024K, 3 young (3072K), 3 survivors (3072K)
 Metaspace       used 21874K, committed 22336K, reserved 1114112K
  class space    used 2659K, committed 2880K, reserved 1048576K
}
Event: 13.756 GC heap before
{Heap before GC invocations=9 (full 0):
 garbage-first heap   total reserved 1015808K, committed 30720K, used 24854K [0x00000000c2000000, 0x0000000100000000)
  region size 1024K, 17 young (17408K), 3 survivors (3072K)
 Metaspace       used 21891K, committed 22336K, reserved 1114112K
  class space    used 2659K, committed 2880K, reserved 1048576K
}
Event: 13.763 GC heap after
{Heap after GC invocations=10 (full 0):
 garbage-first heap   total reserved 1015808K, committed 30720K, used 11216K [0x00000000c2000000, 0x0000000100000000)
  region size 1024K, 1 young (1024K), 1 survivors (1024K)
 Metaspace       used 21891K, committed 22336K, reserved 1114112K
  class space    used 2659K, committed 2880K, reserved 1048576K
}
Event: 13.812 GC heap before
{Heap before GC invocations=10 (full 0):
 garbage-first heap   total reserved 1015808K, committed 30720K, used 25552K [0x00000000c2000000, 0x0000000100000000)
  region size 1024K, 15 young (15360K), 1 survivors (1024K)
 Metaspace       used 21891K, committed 22336K, reserved 1114112K
  class space    used 2659K, committed 2880K, reserved 1048576K
}
Event: 13.812 GC heap after
{Heap after GC invocations=11 (full 0):
 garbage-first heap   total reserved 1015808K, committed 30720K, used 10765K [0x00000000c2000000, 0x0000000100000000)
  region size 1024K, 1 young (1024K), 1 survivors (1024K)
 Metaspace       used 21891K, committed 22336K, reserved 1114112K
  class space    used 2659K, committed 2880K, reserved 1048576K
}
Event: 15.052 GC heap before
{Heap before GC invocations=11 (full 0):
 garbage-first heap   total reserved 1015808K, committed 30720K, used 26125K [0x00000000c2000000, 0x0000000100000000)
  region size 1024K, 16 young (16384K), 1 survivors (1024K)
 Metaspace       used 23494K, committed 23872K, reserved 1114112K
  class space    used 2875K, committed 3008K, reserved 1048576K
}
Event: 15.056 GC heap after
{Heap after GC invocations=12 (full 0):
 garbage-first heap   total reserved 1015808K, committed 41984K, used 11339K [0x00000000c2000000, 0x0000000100000000)
  region size 1024K, 1 young (1024K), 1 survivors (1024K)
 Metaspace       used 23494K, committed 23872K, reserved 1114112K
  class space    used 2875K, committed 3008K, reserved 1048576K
}
Event: 17.550 GC heap before
{Heap before GC invocations=12 (full 0):
 garbage-first heap   total reserved 1015808K, committed 41984K, used 34891K [0x00000000c2000000, 0x0000000100000000)
  region size 1024K, 24 young (24576K), 1 survivors (1024K)
 Metaspace       used 25743K, committed 26176K, reserved 1114112K
  class space    used 3130K, committed 3328K, reserved 1048576K
}
Event: 17.555 GC heap after
{Heap after GC invocations=13 (full 0):
 garbage-first heap   total reserved 1015808K, committed 41984K, used 12994K [0x00000000c2000000, 0x0000000100000000)
  region size 1024K, 3 young (3072K), 3 survivors (3072K)
 Metaspace       used 25743K, committed 26176K, reserved 1114112K
  class space    used 3130K, committed 3328K, reserved 1048576K
}

